  {
    "EventID": 11,
    "UtcTime": "2026-01-18 12:00:38.791",
    "TargetFilename": "C:\\Users\\User\\AppData\\Local\\Temp\\tmp8363.tmp",
    "Image": "C:\\Windows\\System32\\svchost.exe"
  },
  {
    "EventID": 11,
    "UtcTime": "2026-01-18 12:01:29.170",
    "TargetFilename": "C:\\Users\\User\\AppData\\Local\\Temp\\tmp6593.tmp",
    "Image": "C:\\Windows\\System32\\svchost.exe"
  },
  {
    "EventID": 3,
    "UtcTime": "2026-01-18 12:01:04.580",
    "Image": "C:\\Windows\\System32\\svchost.exe",
    "DestinationIp": "13.166.5.121"
  },
  {
    "EventID": 3,
    "UtcTime": "2026-01-18 12:00:01.374",
    "Image": "C:\\Windows\\System32\\svchost.exe",
    "DestinationIp": "13.238.5.215"
  },
  {
    "EventID": 3,
    "UtcTime": "2026-01-18 12:01:11.832",
    "Image": "C:\\Windows\\System32\\svchost.exe",
    "DestinationIp": "13.41.100.178"
  },
  {
    "EventID": 1,
    "UtcTime": "2026-01-18 12:06:55.000",
    "Image": "C:\\Windows\\System32\\WindowsPowerShell\\v1.0\\powershell.exe",
    "CommandLine": "powershell -NoProfile -Command Get-ChildItem C:\\Users\\User\\Documents"
  },
  {
    "EventID": 3,
    "UtcTime": "2026-01-18 12:04:54.413",
    "Image": "C:\\Windows\\System32\\svchost.exe",
    "DestinationIp": "13.11.194.137"
  },
  {
    "EventID": 1,
    "UtcTime": "2026-01-18 12:02:22.315",
    "Image": "C:\\Program Files\\Microsoft OneDrive\\OneDrive.exe",
    "CommandLine": "OneDrive.exe /background"
  },
  {
    "EventID": 3,
    "UtcTime": "2026-01-18 12:04:24.058",
    "Image": "C:\\Windows\\System32\\svchost.exe",
    "DestinationIp": "13.146.166.252"
  },
  {
    "EventID": 1,
    "UtcTime": "2026-01-18 12:02:35.762",
    "Image": "C:\\Users\\User\\AppData\\Local\\Microsoft\\Teams\\current\\Teams.exe",
    "CommandLine": "Teams.exe"
  },
  {
    "EventID": 1,
    "UtcTime": "2026-01-18 12:06:45.000",
    "Image": "C:\\Windows\\System32\\WindowsPowerShell\\v1.0\\powershell.exe",
    "CommandLine": "powershell -NoProfile -Command Get-Service"
  },
  {
    "EventID": 1,
    "UtcTime": "2026-01-18 12:02:55.078",
    "Image": "C:\\Windows\\System32\\svchost.exe",
    "CommandLine": "svchost.exe -k netsvcs"
  },
  {
    "EventID": 3,
    "UtcTime": "2026-01-18 12:01:55.987",
    "Image": "C:\\Windows\\System32\\svchost.exe",
    "DestinationIp": "13.158.78.182"
  },
  {
    "EventID": 1,
    "UtcTime": "2026-01-18 12:02:57.613",
    "Image": "C:\\Windows\\explorer.exe",
    "CommandLine": "explorer.exe"
  },
  {
    "EventID": 1,
    "UtcTime": "2026-01-18 12:01:00.318",
    "Image": "C:\\Windows\\System32\\notepad.exe",
    "CommandLine": "notepad.exe"
  },
  {
    "EventID": 3,
    "UtcTime": "2026-01-18 12:00:08.610",
    "Image": "C:\\Windows\\System32\\svchost.exe",
    "DestinationIp": "13.154.3.180"
  },
  {
    "EventID": 1,
    "UtcTime": "2026-01-18 12:02:52.525",
    "Image": "C:\\Program Files\\Microsoft OneDrive\\OneDrive.exe",
    "CommandLine": "OneDrive.exe /background"
  },
  {
    "EventID": 1,
    "UtcTime": "2026-01-18 12:01:14.314",
    "Image": "C:\\Windows\\System32\\notepad.exe",
    "CommandLine": "notepad.exe"
  },
  {
    "EventID": 1,
    "UtcTime": "2026-01-18 12:06:42.000",
    "Image": "C:\\Windows\\System32\\WindowsPowerShell\\v1.0\\powershell.exe",
    "CommandLine": "powershell -NoProfile -Command Get-ChildItem C:\\Users\\User\\Documents"
  },
  {
    "EventID": 1,
    "UtcTime": "2026-01-18 12:04:17.971",
    "Image": "C:\\Program Files\\Microsoft OneDrive\\OneDrive.exe",
    "CommandLine": "OneDrive.exe /background"
  },
  {
    "EventID": 11,
    "UtcTime": "2026-01-18 12:00:28.063",
    "TargetFilename": "C:\\Users\\User\\AppData\\Local\\Temp\\tmp6007.tmp",
    "Image": "C:\\Windows\\System32\\svchost.exe"
  },
  {
    "EventID": 3,
    "UtcTime": "2026-01-18 12:03:36.889",
    "Image": "C:\\Windows\\System32\\svchost.exe",
    "DestinationIp": "13.79.73.159"
  },
  {
    "EventID": 1,
    "UtcTime": "2026-01-18 12:06:56.000",
    "Image": "C:\\Windows\\System32\\WindowsPowerShell\\v1.0\\powershell.exe",
    "CommandLine": "powershell -NoProfile -Command Get-Process"
  },
  {
    "EventID": 3,
    "UtcTime": "2026-01-18 12:01:36.010",
    "Image": "C:\\Windows\\System32\\svchost.exe",
    "DestinationIp": "13.156.86.184"
  },
  {
    "EventID": 1,
    "UtcTime": "2026-01-18 12:00:28.063",
    "Image": "C:\\Program Files\\Microsoft OneDrive\\OneDrive.exe",
    "CommandLine": "OneDrive.exe /background"
  },
  {
    "EventID": 3,
    "UtcTime": "2026-01-18 12:00:20.031",
    "Image": "C:\\Windows\\System32\\svchost.exe",
    "DestinationIp": "13.199.217.31"
  },
  {
    "EventID": 1,
    "UtcTime": "2026-01-18 12:02:07.578",
    "Image": "C:\\Program Files\\Microsoft OneDrive\\OneDrive.exe",
    "CommandLine": "OneDrive.exe /background"
  },
  {
    "EventID": 1,
    "UtcTime": "2026-01-18 12:02:01.658",
    "Image": "C:\\Windows\\System32\\notepad.exe",
    "CommandLine": "notepad.exe"
  },
  {
    "EventID": 1,
    "UtcTime": "2026-01-18 12:00:03.695",
    "Image": "C:\\Windows\\System32\\svchost.exe",
    "CommandLine": "svchost.exe -k netsvcs"
  },
  {
    "EventID": 1,
    "UtcTime": "2026-01-18 12:00:53.917",
    "Image": "C:\\Windows\\explorer.exe",
    "CommandLine": "explorer.exe"
  },
  {
    "EventID": 3,
    "UtcTime": "2026-01-18 12:00:56.545",
    "Image": "C:\\Windows\\System32\\svchost.exe",
    "DestinationIp": "13.222.76.171"
  },
  {
    "EventID": 3,
    "UtcTime": "2026-01-18 12:03:46.200",
    "Image": "C:\\Windows\\System32\\svchost.exe",
    "DestinationIp": "13.196.129.208"
  },
  {
    "EventID": 11,
    "UtcTime": "2026-01-18 12:01:30.473",
    "TargetFilename": "C:\\Users\\User\\AppData\\Local\\Temp\\tmp1169.tmp",
    "Image": "C:\\Windows\\System32\\svchost.exe"
  },
  {
    "EventID": 3,
    "UtcTime": "2026-01-18 12:02:42.594",
    "Image": "C:\\Windows\\System32\\svchost.exe",
    "DestinationIp": "13.11.217.196"
  },
  {
    "EventID": 1,
    "UtcTime": "2026-01-18 12:03:48.927",
    "Image": "C:\\Windows\\System32\\cmd.exe",
    "CommandLine": "cmd.exe /c dir"
  },
  {
    "EventID": 3,
    "UtcTime": "2026-01-18 12:00:53.917",
    "Image": "C:\\Windows\\System32\\svchost.exe",
    "DestinationIp": "13.34.213.153"
  },
  {
    "EventID": 1,
    "UtcTime": "2026-01-18 12:00:47.627",
    "Image": "C:\\Windows\\explorer.exe",
    "CommandLine": "explorer.exe"
  },
  {
    "EventID": 11,
    "UtcTime": "2026-01-18 12:00:21.367",
    "TargetFilename": "C:\\Users\\User\\AppData\\Local\\Temp\\tmp3357.tmp",
    "Image": "C:\\Windows\\System32\\svchost.exe"
  },
  {
    "EventID": 1,
    "UtcTime": "2026-01-18 12:00:21.506",
    "Image": "C:\\Windows\\explorer.exe",
    "CommandLine": "explorer.exe"
  },
  {
    "EventID": 1,
    "UtcTime": "2026-01-18 12:01:59.494",
    "Image": "C:\\Program Files\\Google\\Chrome\\Application\\chrome.exe",
    "CommandLine": "\"chrome.exe\" https://www.google.com"
  },
  {
    "EventID": 3,
    "UtcTime": "2026-01-18 12:02:55.561",
    "Image": "C:\\Windows\\System32\\svchost.exe",
    "DestinationIp": "13.215.24.45"
  },
  {
    "EventID": 1,
    "UtcTime": "2026-01-18 12:06:57.000",
    "Image": "C:\\Windows\\System32\\WindowsPowerShell\\v1.0\\powershell.exe",
    "CommandLine": "powershell -NoProfile -Command Get-ChildItem C:\\Users\\User\\Documents"
  },
  {
    "EventID": 1,
    "UtcTime": "2026-01-18 12:03:47.246",
    "Image": "C:\\Windows\\explorer.exe",
    "CommandLine": "explorer.exe"
  },
  {
    "EventID": 1,
    "UtcTime": "2026-01-18 12:04:17.308",
    "Image": "C:\\Program Files\\Google\\Chrome\\Application\\chrome.exe",
    "CommandLine": "\"chrome.exe\" https://www.google.com"
  },
  {
    "EventID": 3,
    "UtcTime": "2026-01-18 12:01:14.314",
    "Image": "C:\\Windows\\System32\\svchost.exe",
    "DestinationIp": "13.28.234.93"
  },
  {
    "EventID": 1,
    "UtcTime": "2026-01-18 12:00:31.345",
    "Image": "C:\\Windows\\System32\\svchost.exe",
    "CommandLine": "svchost.exe -k netsvcs"
  },
  {
    "EventID": 1,
    "UtcTime": "2026-01-18 12:00:46.849",
    "Image": "C:\\Windows\\explorer.exe",
    "CommandLine": "explorer.exe"
  },
  {
    "EventID": 11,
    "UtcTime": "2026-01-18 12:00:03.695",
    "TargetFilename": "C:\\Users\\User\\AppData\\Local\\Temp\\tmp3899.tmp",
    "Image": "C:\\Windows\\System32\\svchost.exe"
  },
  {
    "EventID": 1,
    "UtcTime": "2026-01-18 12:03:08.802",
    "Image": "C:\\Windows\\explorer.exe",
    "CommandLine": "explorer.exe"
  },
  {
    "EventID": 1,
    "UtcTime": "2026-01-18 12:03:05.042",
    "Image": "C:\\Program Files\\Microsoft OneDrive\\OneDrive.exe",
    "CommandLine": "OneDrive.exe /background"
  },
  {
    "EventID": 3,
    "UtcTime": "2026-01-18 12:02:59.987",
    "Image": "C:\\Windows\\System32\\svchost.exe",
    "DestinationIp": "13.90.201.28"
  },
  {
    "EventID": 1,
    "UtcTime": "2026-01-18 12:04:38.285",
    "Image": "C:\\Windows\\System32\\svchost.exe",
    "CommandLine": "svchost.exe -k netsvcs"
  },
  {
    "EventID": 1,
    "UtcTime": "2026-01-18 12:01:24.645",
    "Image": "C:\\Windows\\System32\\cmd.exe",
    "CommandLine": "cmd.exe /c dir"
  },
  {
    "EventID": 1,
    "UtcTime": "2026-01-18 12:00:12.415",
    "Image": "C:\\Program Files\\Microsoft OneDrive\\OneDrive.exe",
    "CommandLine": "OneDrive.exe /background"
  },
  {
    "EventID": 1,
    "UtcTime": "2026-01-18 12:01:01.477",
    "Image": "C:\\Windows\\explorer.exe",
    "CommandLine": "explorer.exe"
  },
  {
    "EventID": 3,
    "UtcTime": "2026-01-18 12:01:10.413",
    "Image": "C:\\Windows\\System32\\svchost.exe",
    "DestinationIp": "13.150.39.163"
  },
  {
    "EventID": 3,
    "UtcTime": "2026-01-18 12:00:38.338",
    "Image": "C:\\Windows\\System32\\svchost.exe",
    "DestinationIp": "13.35.141.160"
  },
  {
    "EventID": 1,
    "UtcTime": "2026-01-18 12:00:05.803",
    "Image": "C:\\Windows\\System32\\notepad.exe",
    "CommandLine": "notepad.exe"
  }
]